2025-08-08 18:35:11,265 - __main__ - INFO - 开始批量构建知识图谱...
2025-08-08 18:35:11,266 - __main__ - INFO - 开始从目录构建知识图谱: /www/wwwroot/algokg_platform/data/raw/problem_extration
2025-08-08 18:35:11,267 - __main__ - INFO - 发现 183 个JSON文件
2025-08-08 18:35:11,268 - __main__ - INFO - 找到文件: /www/wwwroot/algokg_platform/data/raw/problem_extration/最短路/小明逛公园_Floyd.json
2025-08-08 18:35:11,268 - __main__ - INFO - 找到文件: /www/wwwroot/algokg_platform/data/raw/problem_extration/最短路/bellman_ford之单源有限最短路.json
2025-08-08 18:35:11,268 - __main__ - INFO - 找到文件: /www/wwwroot/algokg_platform/data/raw/problem_extration/最短路/城市间货物运输_Bellman_ford.json
2025-08-08 18:35:11,268 - __main__ - INFO - 找到文件: /www/wwwroot/algokg_platform/data/raw/problem_extration/最短路/骑士的攻击_A star.json
2025-08-08 18:35:11,268 - __main__ - INFO - 找到文件: /www/wwwroot/algokg_platform/data/raw/problem_extration/最短路/bellman_ford之判断负权回路.json
2025-08-08 18:35:11,268 - __main__ - INFO - 找到文件: /www/wwwroot/algokg_platform/data/raw/problem_extration/最短路/城市间货物运输1_SPFA.json
2025-08-08 18:35:11,268 - __main__ - INFO - 找到文件: /www/wwwroot/algokg_platform/data/raw/problem_extration/最短路/参加科学大会_dijkstra堆优化版.json
2025-08-08 18:35:11,268 - __main__ - INFO - 找到文件: /www/wwwroot/algokg_platform/data/raw/problem_extration/最短路/参加科学大会_dijkstra朴素版.json
2025-08-08 18:35:11,268 - __main__ - INFO - 找到文件: /www/wwwroot/algokg_platform/data/raw/problem_extration/双指针/环形链表II.json
2025-08-08 18:35:11,268 - __main__ - INFO - 找到文件: /www/wwwroot/algokg_platform/data/raw/problem_extration/双指针/移除元素.json
2025-08-08 18:35:11,268 - __main__ - INFO - 找到文件: /www/wwwroot/algokg_platform/data/raw/problem_extration/双指针/删除链表的倒数第N个节点.json
2025-08-08 18:35:11,268 - __main__ - INFO - 找到文件: /www/wwwroot/algokg_platform/data/raw/problem_extration/双指针/替换数字.json
2025-08-08 18:35:11,269 - __main__ - INFO - 找到文件: /www/wwwroot/algokg_platform/data/raw/problem_extration/双指针/链表相交.json
2025-08-08 18:35:11,269 - __main__ - INFO - 找到文件: /www/wwwroot/algokg_platform/data/raw/problem_extration/双指针/三数之和.json
2025-08-08 18:35:11,269 - __main__ - INFO - 找到文件: /www/wwwroot/algokg_platform/data/raw/problem_extration/双指针/反转字符串.json
2025-08-08 18:35:11,269 - __main__ - INFO - 找到文件: /www/wwwroot/algokg_platform/data/raw/problem_extration/双指针/翻转字符串里的单词.json
2025-08-08 18:35:11,269 - __main__ - INFO - 找到文件: /www/wwwroot/algokg_platform/data/raw/problem_extration/双指针/反转链表.json
2025-08-08 18:35:11,269 - __main__ - INFO - 找到文件: /www/wwwroot/algokg_platform/data/raw/problem_extration/双指针/四数之和.json
2025-08-08 18:35:11,269 - __main__ - INFO - 找到文件: /www/wwwroot/algokg_platform/data/raw/problem_extration/贪心算法/划分字母区间.json
2025-08-08 18:35:11,269 - __main__ - INFO - 找到文件: /www/wwwroot/algokg_platform/data/raw/problem_extration/贪心算法/单调递增的数字.json
2025-08-08 18:35:11,269 - __main__ - INFO - 找到文件: /www/wwwroot/algokg_platform/data/raw/problem_extration/贪心算法/买卖股票的最佳时机 II.json
2025-08-08 18:35:11,269 - __main__ - INFO - 找到文件: /www/wwwroot/algokg_platform/data/raw/problem_extration/贪心算法/跳跃游戏.json
2025-08-08 18:35:11,269 - __main__ - INFO - 找到文件: /www/wwwroot/algokg_platform/data/raw/problem_extration/贪心算法/加油站.json
2025-08-08 18:35:11,269 - __main__ - INFO - 找到文件: /www/wwwroot/algokg_platform/data/raw/problem_extration/贪心算法/根据身高重建队列.json
2025-08-08 18:35:11,269 - __main__ - INFO - 找到文件: /www/wwwroot/algokg_platform/data/raw/problem_extration/贪心算法/无重叠区间.json
2025-08-08 18:35:11,269 - __main__ - INFO - 找到文件: /www/wwwroot/algokg_platform/data/raw/problem_extration/贪心算法/最大子序和.json
2025-08-08 18:35:11,269 - __main__ - INFO - 找到文件: /www/wwwroot/algokg_platform/data/raw/problem_extration/贪心算法/柠檬水找零.json
2025-08-08 18:35:11,270 - __main__ - INFO - 找到文件: /www/wwwroot/algokg_platform/data/raw/problem_extration/贪心算法/用最少数量的箭引爆气球.json
2025-08-08 18:35:11,270 - __main__ - INFO - 找到文件: /www/wwwroot/algokg_platform/data/raw/problem_extration/贪心算法/K次取反后最大化的数组和.json
2025-08-08 18:35:11,270 - __main__ - INFO - 找到文件: /www/wwwroot/algokg_platform/data/raw/problem_extration/贪心算法/监控二叉树.json
2025-08-08 18:35:11,270 - __main__ - INFO - 找到文件: /www/wwwroot/algokg_platform/data/raw/problem_extration/贪心算法/跳跃游戏 II.json
2025-08-08 18:35:11,270 - __main__ - INFO - 找到文件: /www/wwwroot/algokg_platform/data/raw/problem_extration/贪心算法/分发饼干.json
2025-08-08 18:35:11,270 - __main__ - INFO - 找到文件: /www/wwwroot/algokg_platform/data/raw/problem_extration/贪心算法/合并区间.json
2025-08-08 18:35:11,270 - __main__ - INFO - 找到文件: /www/wwwroot/algokg_platform/data/raw/problem_extration/贪心算法/摆动序列.json
2025-08-08 18:35:11,270 - __main__ - INFO - 找到文件: /www/wwwroot/algokg_platform/data/raw/problem_extration/贪心算法/分发糖果.json
2025-08-08 18:35:11,270 - __main__ - INFO - 找到文件: /www/wwwroot/algokg_platform/data/raw/problem_extration/数组/移除元素.json
2025-08-08 18:35:11,270 - __main__ - INFO - 找到文件: /www/wwwroot/algokg_platform/data/raw/problem_extration/数组/有序数组的平方.json
2025-08-08 18:35:11,270 - __main__ - INFO - 找到文件: /www/wwwroot/algokg_platform/data/raw/problem_extration/数组/二分查找.json
2025-08-08 18:35:11,270 - __main__ - INFO - 找到文件: /www/wwwroot/algokg_platform/data/raw/problem_extration/数组/螺旋矩阵II.json
2025-08-08 18:35:11,270 - __main__ - INFO - 找到文件: /www/wwwroot/algokg_platform/data/raw/problem_extration/数组/开发商购买土地.json
2025-08-08 18:35:11,270 - __main__ - INFO - 找到文件: /www/wwwroot/algokg_platform/data/raw/problem_extration/数组/区间和.json
2025-08-08 18:35:11,270 - __main__ - INFO - 找到文件: /www/wwwroot/algokg_platform/data/raw/problem_extration/数组/长度最小的子数组.json
2025-08-08 18:35:11,271 - __main__ - INFO - 找到文件: /www/wwwroot/algokg_platform/data/raw/problem_extration/回溯算法/子集.json
2025-08-08 18:35:11,271 - __main__ - INFO - 找到文件: /www/wwwroot/algokg_platform/data/raw/problem_extration/回溯算法/组合总和II.json
2025-08-08 18:35:11,271 - __main__ - INFO - 找到文件: /www/wwwroot/algokg_platform/data/raw/problem_extration/回溯算法/N皇后.json
2025-08-08 18:35:11,271 - __main__ - INFO - 找到文件: /www/wwwroot/algokg_platform/data/raw/problem_extration/回溯算法/组合总和.json
2025-08-08 18:35:11,271 - __main__ - INFO - 找到文件: /www/wwwroot/algokg_platform/data/raw/problem_extration/回溯算法/解数独.json
2025-08-08 18:35:11,271 - __main__ - INFO - 找到文件: /www/wwwroot/algokg_platform/data/raw/problem_extration/回溯算法/分割回文串.json
2025-08-08 18:35:11,271 - __main__ - INFO - 找到文件: /www/wwwroot/algokg_platform/data/raw/problem_extration/回溯算法/组合总和III.json
2025-08-08 18:35:11,271 - __main__ - INFO - 找到文件: /www/wwwroot/algokg_platform/data/raw/problem_extration/回溯算法/全排列.json
2025-08-08 18:35:11,271 - __main__ - INFO - 找到文件: /www/wwwroot/algokg_platform/data/raw/problem_extration/回溯算法/全排列 II.json
2025-08-08 18:35:11,271 - __main__ - INFO - 找到文件: /www/wwwroot/algokg_platform/data/raw/problem_extration/回溯算法/电话号码的字母组合.json
2025-08-08 18:35:11,271 - __main__ - INFO - 找到文件: /www/wwwroot/algokg_platform/data/raw/problem_extration/回溯算法/递增子序列.json
2025-08-08 18:35:11,271 - __main__ - INFO - 找到文件: /www/wwwroot/algokg_platform/data/raw/problem_extration/回溯算法/子集Ⅱ.json
2025-08-08 18:35:11,271 - __main__ - INFO - 找到文件: /www/wwwroot/algokg_platform/data/raw/problem_extration/回溯算法/重新安排行程.json
2025-08-08 18:35:11,271 - __main__ - INFO - 找到文件: /www/wwwroot/algokg_platform/data/raw/problem_extration/回溯算法/复原IP地址.json
2025-08-08 18:35:11,271 - __main__ - INFO - 找到文件: /www/wwwroot/algokg_platform/data/raw/problem_extration/回溯算法/组合.json
2025-08-08 18:35:11,271 - __main__ - INFO - 找到文件: /www/wwwroot/algokg_platform/data/raw/problem_extration/栈与队列/滑动窗口最大值.json
2025-08-08 18:35:11,271 - __main__ - INFO - 找到文件: /www/wwwroot/algokg_platform/data/raw/problem_extration/栈与队列/有效的括号.json
2025-08-08 18:35:11,272 - __main__ - INFO - 找到文件: /www/wwwroot/algokg_platform/data/raw/problem_extration/栈与队列/前 K 个高频元素.json
2025-08-08 18:35:11,272 - __main__ - INFO - 找到文件: /www/wwwroot/algokg_platform/data/raw/problem_extration/栈与队列/删除字符串中的所有相邻重复项.json
2025-08-08 18:35:11,272 - __main__ - INFO - 找到文件: /www/wwwroot/algokg_platform/data/raw/problem_extration/栈与队列/用栈实现队列.json
2025-08-08 18:35:11,272 - __main__ - INFO - 找到文件: /www/wwwroot/algokg_platform/data/raw/problem_extration/栈与队列/用队列实现栈.json
2025-08-08 18:35:11,272 - __main__ - INFO - 找到文件: /www/wwwroot/algokg_platform/data/raw/problem_extration/栈与队列/逆波兰表达式求值.json
2025-08-08 18:35:11,272 - __main__ - INFO - 找到文件: /www/wwwroot/algokg_platform/data/raw/problem_extration/字符串/实现 strStr().json
2025-08-08 18:35:11,272 - __main__ - INFO - 找到文件: /www/wwwroot/algokg_platform/data/raw/problem_extration/字符串/反转字符串II.json
2025-08-08 18:35:11,272 - __main__ - INFO - 找到文件: /www/wwwroot/algokg_platform/data/raw/problem_extration/字符串/替换数字.json
2025-08-08 18:35:11,272 - __main__ - INFO - 找到文件: /www/wwwroot/algokg_platform/data/raw/problem_extration/字符串/重复的子字符串.json
2025-08-08 18:35:11,272 - __main__ - INFO - 找到文件: /www/wwwroot/algokg_platform/data/raw/problem_extration/字符串/反转字符串.json
2025-08-08 18:35:11,272 - __main__ - INFO - 找到文件: /www/wwwroot/algokg_platform/data/raw/problem_extration/字符串/翻转字符串里的单词.json
2025-08-08 18:35:11,272 - __main__ - INFO - 找到文件: /www/wwwroot/algokg_platform/data/raw/problem_extration/字符串/右旋字符串.json
2025-08-08 18:35:11,272 - __main__ - INFO - 找到文件: /www/wwwroot/algokg_platform/data/raw/problem_extration/并查集/冗余连接II.json
2025-08-08 18:35:11,272 - __main__ - INFO - 找到文件: /www/wwwroot/algokg_platform/data/raw/problem_extration/并查集/冗余连接.json
2025-08-08 18:35:11,272 - __main__ - INFO - 找到文件: /www/wwwroot/algokg_platform/data/raw/problem_extration/并查集/寻找存在的路径.json
2025-08-08 18:35:11,272 - __main__ - INFO - 找到文件: /www/wwwroot/algokg_platform/data/raw/problem_extration/二叉树/合并二叉树.json
2025-08-08 18:35:11,272 - __main__ - INFO - 找到文件: /www/wwwroot/algokg_platform/data/raw/problem_extration/二叉树/二叉树的所有路径.json
2025-08-08 18:35:11,272 - __main__ - INFO - 找到文件: /www/wwwroot/algokg_platform/data/raw/problem_extration/二叉树/找树左下角的值.json
2025-08-08 18:35:11,272 - __main__ - INFO - 找到文件: /www/wwwroot/algokg_platform/data/raw/problem_extration/二叉树/从中序与后序遍历序列构造二叉树.json
2025-08-08 18:35:11,273 - __main__ - INFO - 找到文件: /www/wwwroot/algokg_platform/data/raw/problem_extration/二叉树/最大二叉树.json
2025-08-08 18:35:11,273 - __main__ - INFO - 找到文件: /www/wwwroot/algokg_platform/data/raw/problem_extration/二叉树/二叉树的递归遍历.json
2025-08-08 18:35:11,273 - __main__ - INFO - 找到文件: /www/wwwroot/algokg_platform/data/raw/problem_extration/二叉树/二叉树的最近公共祖先.json
2025-08-08 18:35:11,273 - __main__ - INFO - 找到文件: /www/wwwroot/algokg_platform/data/raw/problem_extration/二叉树/路径总和.json
2025-08-08 18:35:11,273 - __main__ - INFO - 找到文件: /www/wwwroot/algokg_platform/data/raw/problem_extration/二叉树/二叉树的最小深度.json
2025-08-08 18:35:11,273 - __main__ - INFO - 找到文件: /www/wwwroot/algokg_platform/data/raw/problem_extration/二叉树/验证二叉搜索树.json
2025-08-08 18:35:11,273 - __main__ - INFO - 找到文件: /www/wwwroot/algokg_platform/data/raw/problem_extration/二叉树/翻转二叉树.json
2025-08-08 18:35:11,273 - __main__ - INFO - 找到文件: /www/wwwroot/algokg_platform/data/raw/problem_extration/二叉树/二叉树的最大深度.json
2025-08-08 18:35:11,273 - __main__ - INFO - 找到文件: /www/wwwroot/algokg_platform/data/raw/problem_extration/二叉树/二叉搜索树的最小绝对差.json
2025-08-08 18:35:11,273 - __main__ - INFO - 找到文件: /www/wwwroot/algokg_platform/data/raw/problem_extration/二叉树/二叉树的统一迭代法.json
2025-08-08 18:35:11,273 - __main__ - INFO - 找到文件: /www/wwwroot/algokg_platform/data/raw/problem_extration/二叉树/二叉搜索树中的插入操作.json
2025-08-08 18:35:11,273 - __main__ - INFO - 找到文件: /www/wwwroot/algokg_platform/data/raw/problem_extration/二叉树/二叉搜索树的最近公共祖先.json
2025-08-08 18:35:11,273 - __main__ - INFO - 找到文件: /www/wwwroot/algokg_platform/data/raw/problem_extration/二叉树/将有序数组转换为二叉搜索树.json
2025-08-08 18:35:11,273 - __main__ - INFO - 找到文件: /www/wwwroot/algokg_platform/data/raw/problem_extration/二叉树/平衡二叉树.json
2025-08-08 18:35:11,273 - __main__ - INFO - 找到文件: /www/wwwroot/algokg_platform/data/raw/problem_extration/二叉树/把二叉搜索树转换为累加树.json
2025-08-08 18:35:11,273 - __main__ - INFO - 找到文件: /www/wwwroot/algokg_platform/data/raw/problem_extration/二叉树/修剪二叉搜索树.json
2025-08-08 18:35:11,273 - __main__ - INFO - 找到文件: /www/wwwroot/algokg_platform/data/raw/problem_extration/二叉树/二叉树的迭代遍历.json
2025-08-08 18:35:11,273 - __main__ - INFO - 找到文件: /www/wwwroot/algokg_platform/data/raw/problem_extration/二叉树/对称二叉树.json
2025-08-08 18:35:11,273 - __main__ - INFO - 找到文件: /www/wwwroot/algokg_platform/data/raw/problem_extration/二叉树/删除二叉搜索树中的节点.json
2025-08-08 18:35:11,274 - __main__ - INFO - 找到文件: /www/wwwroot/algokg_platform/data/raw/problem_extration/二叉树/完全二叉树的节点个数.json
2025-08-08 18:35:11,274 - __main__ - INFO - 找到文件: /www/wwwroot/algokg_platform/data/raw/problem_extration/二叉树/左叶子之和.json
2025-08-08 18:35:11,274 - __main__ - INFO - 找到文件: /www/wwwroot/algokg_platform/data/raw/problem_extration/二叉树/二叉搜索树中的搜索.json
2025-08-08 18:35:11,274 - __main__ - INFO - 找到文件: /www/wwwroot/algokg_platform/data/raw/problem_extration/二叉树/在每个树行中找最大值.json
2025-08-08 18:35:11,274 - __main__ - INFO - 找到文件: /www/wwwroot/algokg_platform/data/raw/problem_extration/二叉树/二叉搜索树中的众数.json
2025-08-08 18:35:11,274 - __main__ - INFO - 找到文件: /www/wwwroot/algokg_platform/data/raw/problem_extration/二叉树/二叉树的层序遍历/二叉树层序遍历.json
2025-08-08 18:35:11,274 - __main__ - INFO - 找到文件: /www/wwwroot/algokg_platform/data/raw/problem_extration/二叉树/二叉树的层序遍历/二叉树的层平均值.json
2025-08-08 18:35:11,274 - __main__ - INFO - 找到文件: /www/wwwroot/algokg_platform/data/raw/problem_extration/二叉树/二叉树的层序遍历/填充每个节点的下一个右侧节点指针.json
2025-08-08 18:35:11,274 - __main__ - INFO - 找到文件: /www/wwwroot/algokg_platform/data/raw/problem_extration/二叉树/二叉树的层序遍历/二叉树的最小深度.json
2025-08-08 18:35:11,274 - __main__ - INFO - 找到文件: /www/wwwroot/algokg_platform/data/raw/problem_extration/二叉树/二叉树的层序遍历/二叉树的右视图.json
2025-08-08 18:35:11,274 - __main__ - INFO - 找到文件: /www/wwwroot/algokg_platform/data/raw/problem_extration/二叉树/二叉树的层序遍历/二叉树的最大深度.json
2025-08-08 18:35:11,274 - __main__ - INFO - 找到文件: /www/wwwroot/algokg_platform/data/raw/problem_extration/二叉树/二叉树的层序遍历/二叉树的层序遍历Ⅱ.json
2025-08-08 18:35:11,274 - __main__ - INFO - 找到文件: /www/wwwroot/algokg_platform/data/raw/problem_extration/二叉树/二叉树的层序遍历/填充每个节点的下一个右侧节点指针II.json
2025-08-08 18:35:11,274 - __main__ - INFO - 找到文件: /www/wwwroot/algokg_platform/data/raw/problem_extration/二叉树/二叉树的层序遍历/N叉树的层序遍历.json
2025-08-08 18:35:11,274 - __main__ - INFO - 找到文件: /www/wwwroot/algokg_platform/data/raw/problem_extration/二叉树/二叉树的层序遍历/在每个树行中找最大值.json
2025-08-08 18:35:11,274 - __main__ - INFO - 找到文件: /www/wwwroot/algokg_platform/data/raw/problem_extration/链表/环形链表II.json
2025-08-08 18:35:11,274 - __main__ - INFO - 找到文件: /www/wwwroot/algokg_platform/data/raw/problem_extration/链表/两两交换链表中的节点.json
2025-08-08 18:35:11,274 - __main__ - INFO - 找到文件: /www/wwwroot/algokg_platform/data/raw/problem_extration/链表/删除链表的倒数第N个节点.json
2025-08-08 18:35:11,274 - __main__ - INFO - 找到文件: /www/wwwroot/algokg_platform/data/raw/problem_extration/链表/移除链表元素.json
2025-08-08 18:35:11,275 - __main__ - INFO - 找到文件: /www/wwwroot/algokg_platform/data/raw/problem_extration/链表/设计链表.json
2025-08-08 18:35:11,275 - __main__ - INFO - 找到文件: /www/wwwroot/algokg_platform/data/raw/problem_extration/链表/链表相交.json
2025-08-08 18:35:11,275 - __main__ - INFO - 找到文件: /www/wwwroot/algokg_platform/data/raw/problem_extration/链表/反转链表.json
2025-08-08 18:35:11,275 - __main__ - INFO - 找到文件: /www/wwwroot/algokg_platform/data/raw/problem_extration/动态规划/买卖股票的最佳时机.json
2025-08-08 18:35:11,275 - __main__ - INFO - 找到文件: /www/wwwroot/algokg_platform/data/raw/problem_extration/动态规划/最长重复子数组.json
2025-08-08 18:35:11,275 - __main__ - INFO - 找到文件: /www/wwwroot/algokg_platform/data/raw/problem_extration/动态规划/买卖股票的最佳时机IV.json
2025-08-08 18:35:11,275 - __main__ - INFO - 找到文件: /www/wwwroot/algokg_platform/data/raw/problem_extration/动态规划/判断子序列.json
2025-08-08 18:35:11,275 - __main__ - INFO - 找到文件: /www/wwwroot/algokg_platform/data/raw/problem_extration/动态规划/爬楼梯.json
2025-08-08 18:35:11,275 - __main__ - INFO - 找到文件: /www/wwwroot/algokg_platform/data/raw/problem_extration/动态规划/最长连续递增序列.json
2025-08-08 18:35:11,275 - __main__ - INFO - 找到文件: /www/wwwroot/algokg_platform/data/raw/problem_extration/动态规划/整数拆分.json
2025-08-08 18:35:11,275 - __main__ - INFO - 找到文件: /www/wwwroot/algokg_platform/data/raw/problem_extration/动态规划/最长公共子序列.json
2025-08-08 18:35:11,275 - __main__ - INFO - 找到文件: /www/wwwroot/algokg_platform/data/raw/problem_extration/动态规划/零钱兑换II.json
2025-08-08 18:35:11,275 - __main__ - INFO - 找到文件: /www/wwwroot/algokg_platform/data/raw/problem_extration/动态规划/不同的二叉搜索树.json
2025-08-08 18:35:11,275 - __main__ - INFO - 找到文件: /www/wwwroot/algokg_platform/data/raw/problem_extration/动态规划/爬楼梯（进阶版）.json
2025-08-08 18:35:11,275 - __main__ - INFO - 找到文件: /www/wwwroot/algokg_platform/data/raw/problem_extration/动态规划/最佳买卖股票时机含冷冻期.json
2025-08-08 18:35:11,275 - __main__ - INFO - 找到文件: /www/wwwroot/algokg_platform/data/raw/problem_extration/动态规划/最大子序和.json
2025-08-08 18:35:11,275 - __main__ - INFO - 找到文件: /www/wwwroot/algokg_platform/data/raw/problem_extration/动态规划/最长回文子序列.json
2025-08-08 18:35:11,275 - __main__ - INFO - 找到文件: /www/wwwroot/algokg_platform/data/raw/problem_extration/动态规划/买卖股票的最佳时机II.json
2025-08-08 18:35:11,275 - __main__ - INFO - 找到文件: /www/wwwroot/algokg_platform/data/raw/problem_extration/动态规划/分割等和子集.json
2025-08-08 18:35:11,276 - __main__ - INFO - 找到文件: /www/wwwroot/algokg_platform/data/raw/problem_extration/动态规划/买卖股票的最佳时机III.json
2025-08-08 18:35:11,276 - __main__ - INFO - 找到文件: /www/wwwroot/algokg_platform/data/raw/problem_extration/动态规划/斐波那契数.json
2025-08-08 18:35:11,276 - __main__ - INFO - 找到文件: /www/wwwroot/algokg_platform/data/raw/problem_extration/动态规划/最长递增子序列.json
2025-08-08 18:35:11,276 - __main__ - INFO - 找到文件: /www/wwwroot/algokg_platform/data/raw/problem_extration/动态规划/打家劫舍.json
2025-08-08 18:35:11,276 - __main__ - INFO - 找到文件: /www/wwwroot/algokg_platform/data/raw/problem_extration/动态规划/买卖股票的最佳时机含手续费.json
2025-08-08 18:35:11,276 - __main__ - INFO - 找到文件: /www/wwwroot/algokg_platform/data/raw/problem_extration/动态规划/回文子串.json
2025-08-08 18:35:11,276 - __main__ - INFO - 找到文件: /www/wwwroot/algokg_platform/data/raw/problem_extration/动态规划/两个字符串的删除操作.json
2025-08-08 18:35:11,276 - __main__ - INFO - 找到文件: /www/wwwroot/algokg_platform/data/raw/problem_extration/动态规划/目标和.json
2025-08-08 18:35:11,276 - __main__ - INFO - 找到文件: /www/wwwroot/algokg_platform/data/raw/problem_extration/动态规划/单词拆分.json
2025-08-08 18:35:11,276 - __main__ - INFO - 找到文件: /www/wwwroot/algokg_platform/data/raw/problem_extration/动态规划/不同的子序列.json
2025-08-08 18:35:11,276 - __main__ - INFO - 找到文件: /www/wwwroot/algokg_platform/data/raw/problem_extration/动态规划/最后一块石头的重量II.json
2025-08-08 18:35:11,276 - __main__ - INFO - 找到文件: /www/wwwroot/algokg_platform/data/raw/problem_extration/动态规划/组合总和 Ⅳ.json
2025-08-08 18:35:11,276 - __main__ - INFO - 找到文件: /www/wwwroot/algokg_platform/data/raw/problem_extration/动态规划/不相交的线.json
2025-08-08 18:35:11,276 - __main__ - INFO - 找到文件: /www/wwwroot/algokg_platform/data/raw/problem_extration/动态规划/使用最小花费爬楼梯.json
2025-08-08 18:35:11,276 - __main__ - INFO - 找到文件: /www/wwwroot/algokg_platform/data/raw/problem_extration/动态规划/编辑距离.json
2025-08-08 18:35:11,276 - __main__ - INFO - 找到文件: /www/wwwroot/algokg_platform/data/raw/problem_extration/动态规划/不同路径 II.json
2025-08-08 18:35:11,276 - __main__ - INFO - 找到文件: /www/wwwroot/algokg_platform/data/raw/problem_extration/动态规划/零钱兑换.json
2025-08-08 18:35:11,276 - __main__ - INFO - 找到文件: /www/wwwroot/algokg_platform/data/raw/problem_extration/动态规划/一和零.json
2025-08-08 18:35:11,277 - __main__ - INFO - 找到文件: /www/wwwroot/algokg_platform/data/raw/problem_extration/动态规划/完全平方数.json
2025-08-08 18:35:11,277 - __main__ - INFO - 找到文件: /www/wwwroot/algokg_platform/data/raw/problem_extration/动态规划/打家劫舍II.json
2025-08-08 18:35:11,277 - __main__ - INFO - 找到文件: /www/wwwroot/algokg_platform/data/raw/problem_extration/动态规划/打家劫舍 III.json
2025-08-08 18:35:11,277 - __main__ - INFO - 找到文件: /www/wwwroot/algokg_platform/data/raw/problem_extration/动态规划/不同路径.json
2025-08-08 18:35:11,277 - __main__ - INFO - 找到文件: /www/wwwroot/algokg_platform/data/raw/problem_extration/最小生成树/寻宝_prim.json
2025-08-08 18:35:11,277 - __main__ - INFO - 找到文件: /www/wwwroot/algokg_platform/data/raw/problem_extration/最小生成树/寻宝_kruskal.json
2025-08-08 18:35:11,277 - __main__ - INFO - 找到文件: /www/wwwroot/algokg_platform/data/raw/problem_extration/哈希表/快乐数.json
2025-08-08 18:35:11,277 - __main__ - INFO - 找到文件: /www/wwwroot/algokg_platform/data/raw/problem_extration/哈希表/赎金信.json
2025-08-08 18:35:11,277 - __main__ - INFO - 找到文件: /www/wwwroot/algokg_platform/data/raw/problem_extration/哈希表/两个数组的交集.json
2025-08-08 18:35:11,277 - __main__ - INFO - 找到文件: /www/wwwroot/algokg_platform/data/raw/problem_extration/哈希表/有效的字母异位词.json
2025-08-08 18:35:11,277 - __main__ - INFO - 找到文件: /www/wwwroot/algokg_platform/data/raw/problem_extration/哈希表/四数相加II.json
2025-08-08 18:35:11,277 - __main__ - INFO - 找到文件: /www/wwwroot/algokg_platform/data/raw/problem_extration/哈希表/两数之和.json
2025-08-08 18:35:11,277 - __main__ - INFO - 找到文件: /www/wwwroot/algokg_platform/data/raw/problem_extration/哈希表/三数之和.json
2025-08-08 18:35:11,277 - __main__ - INFO - 找到文件: /www/wwwroot/algokg_platform/data/raw/problem_extration/哈希表/四数之和.json
2025-08-08 18:35:11,277 - __main__ - INFO - 找到文件: /www/wwwroot/algokg_platform/data/raw/problem_extration/拓扑排序/软件构建.json
2025-08-08 18:35:11,277 - __main__ - INFO - 找到文件: /www/wwwroot/algokg_platform/data/raw/problem_extration/图论/岛屿的最大面积.json
2025-08-08 18:35:11,277 - __main__ - INFO - 找到文件: /www/wwwroot/algokg_platform/data/raw/problem_extration/图论/所有可达路径.json
2025-08-08 18:35:11,277 - __main__ - INFO - 找到文件: /www/wwwroot/algokg_platform/data/raw/problem_extration/图论/沉没孤岛.json
2025-08-08 18:35:11,277 - __main__ - INFO - 找到文件: /www/wwwroot/algokg_platform/data/raw/problem_extration/图论/建造最大岛屿.json
2025-08-08 18:35:11,278 - __main__ - INFO - 找到文件: /www/wwwroot/algokg_platform/data/raw/problem_extration/图论/有向图的完全联通.json
2025-08-08 18:35:11,278 - __main__ - INFO - 找到文件: /www/wwwroot/algokg_platform/data/raw/problem_extration/图论/孤岛的总面积.json
2025-08-08 18:35:11,278 - __main__ - INFO - 找到文件: /www/wwwroot/algokg_platform/data/raw/problem_extration/图论/字符串接龙.json
2025-08-08 18:35:11,278 - __main__ - INFO - 找到文件: /www/wwwroot/algokg_platform/data/raw/problem_extration/图论/岛屿数量.json
2025-08-08 18:35:11,278 - __main__ - INFO - 找到文件: /www/wwwroot/algokg_platform/data/raw/problem_extration/图论/水流问题.json
2025-08-08 18:35:11,278 - __main__ - INFO - 找到文件: /www/wwwroot/algokg_platform/data/raw/problem_extration/图论/岛屿的周长.json
2025-08-08 18:35:11,278 - __main__ - INFO - 找到文件: /www/wwwroot/algokg_platform/data/raw/problem_extration/单调栈/接雨水.json
2025-08-08 18:35:11,278 - __main__ - INFO - 找到文件: /www/wwwroot/algokg_platform/data/raw/problem_extration/单调栈/柱状图中最大的矩形.json
2025-08-08 18:35:11,278 - __main__ - INFO - 找到文件: /www/wwwroot/algokg_platform/data/raw/problem_extration/单调栈/每日温度.json
2025-08-08 18:35:11,278 - __main__ - INFO - 找到文件: /www/wwwroot/algokg_platform/data/raw/problem_extration/单调栈/下一个更大元素II.json
2025-08-08 18:35:11,278 - __main__ - INFO - 找到文件: /www/wwwroot/algokg_platform/data/raw/problem_extration/单调栈/下一个更大元素 I.json
2025-08-08 18:35:11,376 - __main__ - INFO - 创建约束: CREATE CONSTRAINT IF NOT EXISTS FOR (p:Problem) REQUIRE p.id IS UNIQUE
2025-08-08 18:35:11,431 - __main__ - INFO - 创建约束: CREATE CONSTRAINT IF NOT EXISTS FOR (a:Algorithm) REQUIRE a.id IS UNIQUE
2025-08-08 18:35:11,471 - __main__ - INFO - 创建约束: CREATE CONSTRAINT IF NOT EXISTS FOR (d:DataStructure) REQUIRE d.id IS UNIQUE
2025-08-08 18:35:11,509 - __main__ - INFO - 创建约束: CREATE CONSTRAINT IF NOT EXISTS FOR (t:Technique) REQUIRE t.id IS UNIQUE
2025-08-08 18:35:11,551 - __main__ - INFO - 创建约束: CREATE CONSTRAINT IF NOT EXISTS FOR (s:Solution) REQUIRE s.id IS UNIQUE
2025-08-08 18:35:11,588 - __main__ - INFO - 创建约束: CREATE CONSTRAINT IF NOT EXISTS FOR (c:Complexity) REQUIRE c.id IS UNIQUE
2025-08-08 18:35:11,627 - __main__ - INFO - 创建约束: CREATE CONSTRAINT IF NOT EXISTS FOR (l:Language) REQUIRE l.id IS UNIQUE
2025-08-08 18:35:11,670 - __main__ - INFO - 创建约束: CREATE CONSTRAINT IF NOT EXISTS FOR (i:Insight) REQUIRE i.id IS UNIQUE
2025-08-08 18:35:11,706 - __main__ - INFO - 创建约束: CREATE CONSTRAINT IF NOT EXISTS FOR (cat:Category) REQUIRE cat.id IS UNIQUE
2025-08-08 18:35:11,741 - __main__ - INFO - 创建约束: CREATE CONSTRAINT IF NOT EXISTS FOR (pat:Pattern) REQUIRE pat.id IS UNIQUE
2025-08-08 18:35:11,777 - __main__ - INFO - 创建约束: CREATE CONSTRAINT IF NOT EXISTS FOR (dif:Difficulty) REQUIRE dif.id IS UNIQUE
2025-08-08 18:35:11,811 - __main__ - INFO - 创建索引: CREATE INDEX IF NOT EXISTS FOR (p:Problem) ON p.title
2025-08-08 18:35:11,852 - __main__ - INFO - 创建索引: CREATE INDEX IF NOT EXISTS FOR (p:Problem) ON p.difficulty
2025-08-08 18:35:11,885 - __main__ - INFO - 创建索引: CREATE INDEX IF NOT EXISTS FOR (p:Problem) ON p.category
2025-08-08 18:35:11,918 - __main__ - INFO - 创建索引: CREATE INDEX IF NOT EXISTS FOR (a:Algorithm) ON a.name
2025-08-08 18:35:11,944 - __main__ - INFO - 创建索引: CREATE INDEX IF NOT EXISTS FOR (d:DataStructure) ON d.name
2025-08-08 18:35:11,970 - __main__ - INFO - 创建索引: CREATE INDEX IF NOT EXISTS FOR (c:Category) ON c.name
2025-08-08 18:35:12,002 - __main__ - INFO - 处理批次 1/10
2025-08-08 18:35:12,034 - __main__ - INFO - 开始批量提取 20 个题目的实体...
2025-08-08 18:35:12,040 - __main__ - ERROR - 提取实体失败: /www/wwwroot/algokg_platform/data/raw/problem_extration/最短路/城市间货物运输1_SPFA.json, 错误: argument of type 'NoneType' is not iterable
2025-08-08 18:35:12,045 - __main__ - INFO - 批量实体提取完成，共提取 385 个实体
2025-08-08 18:35:12,045 - __main__ - INFO - 开始批量关系提取...
2025-08-08 18:35:12,149 - __main__ - INFO - 批量关系提取完成，共提取 5907 个关系
2025-08-08 18:35:12,149 - __main__ - INFO - 存储批次数据: 385 个实体, 5907 个关系
2025-08-08 18:35:12,489 - __main__ - INFO - 批量插入 19 个 Problem 实体
2025-08-08 18:35:12,596 - __main__ - INFO - 批量插入 21 个 Algorithm 实体
2025-08-08 18:35:12,710 - __main__ - INFO - 批量插入 15 个 DataStructure 实体
2025-08-08 18:35:12,811 - __main__ - INFO - 批量插入 34 个 Technique 实体
2025-08-08 18:35:12,986 - __main__ - INFO - 批量插入 104 个 Solution 实体
2025-08-08 18:35:13,111 - __main__ - INFO - 批量插入 13 个 Complexity 实体
2025-08-08 18:35:13,210 - __main__ - INFO - 批量插入 5 个 Language 实体
2025-08-08 18:35:13,362 - __main__ - INFO - 批量插入 59 个 Insight 实体
2025-08-08 18:35:13,469 - __main__ - INFO - 批量插入 3 个 Category 实体
2025-08-08 18:35:13,557 - __main__ - INFO - 批量插入 2 个 Pattern 实体
2025-08-08 18:35:14,302 - __main__ - INFO - 批量插入 399 个 USES_ALGORITHM 关系
2025-08-08 18:35:14,590 - __main__ - INFO - 批量插入 285 个 REQUIRES_DATA_STRUCTURE 关系
2025-08-08 18:35:15,005 - __main__ - INFO - 批量插入 646 个 APPLIES_TECHNIQUE 关系
2025-08-08 18:35:15,176 - __main__ - INFO - 批量插入 104 个 HAS_SOLUTION 关系
2025-08-08 18:35:15,287 - __main__ - INFO - 批量插入 19 个 HAS_TIME_COMPLEXITY 关系
2025-08-08 18:35:15,370 - __main__ - INFO - 批量插入 19 个 HAS_SPACE_COMPLEXITY 关系
2025-08-08 18:35:15,463 - __main__ - INFO - 批量插入 59 个 PROVIDES_INSIGHT 关系
2025-08-08 18:35:15,610 - __main__ - INFO - 批量插入 104 个 IMPLEMENTED_IN 关系
2025-08-08 18:35:15,708 - __main__ - INFO - 批量插入 19 个 BELONGS_TO_CATEGORY 关系
2025-08-08 18:35:15,914 - __main__ - INFO - 批量插入 171 个 SIMILAR_TO 关系
2025-08-08 18:35:15,983 - __main__ - INFO - 批量插入 2 个 PATTERN_USES_ALGORITHM 关系
2025-08-08 18:35:17,566 - __main__ - INFO - 批量插入 2415 个 CO_OCCURS_WITH 关系
2025-08-08 18:35:17,662 - __main__ - INFO - 处理批次 2/10
2025-08-08 18:35:17,676 - __main__ - INFO - 开始批量提取 20 个题目的实体...
2025-08-08 18:35:17,682 - __main__ - ERROR - 提取实体失败: /www/wwwroot/algokg_platform/data/raw/problem_extration/数组/有序数组的平方.json, 错误: argument of type 'NoneType' is not iterable
2025-08-08 18:35:17,682 - __main__ - INFO - 批量实体提取完成，共提取 376 个实体
2025-08-08 18:35:17,682 - __main__ - INFO - 开始批量关系提取...
2025-08-08 18:35:17,789 - __main__ - INFO - 批量关系提取完成，共提取 5137 个关系
2025-08-08 18:35:17,789 - __main__ - INFO - 存储批次数据: 376 个实体, 5137 个关系
2025-08-08 18:35:17,805 - __main__ - INFO - 批量插入 19 个 Problem 实体
2025-08-08 18:35:17,826 - __main__ - INFO - 批量插入 12 个 Algorithm 实体
2025-08-08 18:35:17,900 - __main__ - INFO - 批量插入 8 个 DataStructure 实体
2025-08-08 18:35:17,921 - __main__ - INFO - 批量插入 30 个 Technique 实体
2025-08-08 18:35:17,969 - __main__ - INFO - 批量插入 109 个 Solution 实体
2025-08-08 18:35:18,054 - __main__ - INFO - 批量插入 10 个 Complexity 实体
2025-08-08 18:35:18,066 - __main__ - INFO - 批量插入 5 个 Language 实体
2025-08-08 18:35:18,088 - __main__ - INFO - 批量插入 51 个 Insight 实体
2025-08-08 18:35:18,103 - __main__ - INFO - 批量插入 2 个 Category 实体
2025-08-08 18:35:18,124 - __main__ - INFO - 批量插入 6 个 Pattern 实体
2025-08-08 18:35:18,334 - __main__ - INFO - 批量插入 228 个 USES_ALGORITHM 关系
2025-08-08 18:35:18,482 - __main__ - INFO - 批量插入 152 个 REQUIRES_DATA_STRUCTURE 关系
2025-08-08 18:35:19,021 - __main__ - INFO - 批量插入 570 个 APPLIES_TECHNIQUE 关系
2025-08-08 18:35:19,118 - __main__ - INFO - 批量插入 109 个 HAS_SOLUTION 关系
2025-08-08 18:35:19,160 - __main__ - INFO - 批量插入 19 个 HAS_TIME_COMPLEXITY 关系
2025-08-08 18:35:19,192 - __main__ - INFO - 批量插入 19 个 HAS_SPACE_COMPLEXITY 关系
2025-08-08 18:35:19,259 - __main__ - INFO - 批量插入 51 个 PROVIDES_INSIGHT 关系
2025-08-08 18:35:19,392 - __main__ - INFO - 批量插入 109 个 IMPLEMENTED_IN 关系
2025-08-08 18:35:19,426 - __main__ - INFO - 批量插入 19 个 BELONGS_TO_CATEGORY 关系
2025-08-08 18:35:19,605 - __main__ - INFO - 批量插入 171 个 SIMILAR_TO 关系
2025-08-08 18:35:19,625 - __main__ - INFO - 批量插入 5 个 PATTERN_USES_ALGORITHM 关系
2025-08-08 18:35:20,715 - __main__ - INFO - 批量插入 1225 个 CO_OCCURS_WITH 关系
2025-08-08 18:35:20,752 - __main__ - INFO - 处理批次 3/10
2025-08-08 18:35:20,769 - __main__ - INFO - 开始批量提取 20 个题目的实体...
2025-08-08 18:35:20,770 - __main__ - ERROR - 提取实体失败: /www/wwwroot/algokg_platform/data/raw/problem_extration/数组/区间和.json, 错误: argument of type 'NoneType' is not iterable
2025-08-08 18:35:20,771 - __main__ - ERROR - 提取实体失败: /www/wwwroot/algokg_platform/data/raw/problem_extration/回溯算法/解数独.json, 错误: argument of type 'NoneType' is not iterable
2025-08-08 18:35:20,773 - __main__ - ERROR - 提取实体失败: /www/wwwroot/algokg_platform/data/raw/problem_extration/回溯算法/重新安排行程.json, 错误: argument of type 'NoneType' is not iterable
2025-08-08 18:35:20,775 - __main__ - INFO - 批量实体提取完成，共提取 339 个实体
2025-08-08 18:35:20,775 - __main__ - INFO - 开始批量关系提取...
2025-08-08 18:35:20,848 - __main__ - INFO - 批量关系提取完成，共提取 4372 个关系
2025-08-08 18:35:20,848 - __main__ - INFO - 存储批次数据: 339 个实体, 4372 个关系
2025-08-08 18:35:20,860 - __main__ - INFO - 批量插入 17 个 Problem 实体
2025-08-08 18:35:20,876 - __main__ - INFO - 批量插入 16 个 Algorithm 实体
2025-08-08 18:35:20,891 - __main__ - INFO - 批量插入 15 个 DataStructure 实体
2025-08-08 18:35:20,904 - __main__ - INFO - 批量插入 22 个 Technique 实体
2025-08-08 18:35:20,998 - __main__ - INFO - 批量插入 76 个 Solution 实体
2025-08-08 18:35:21,018 - __main__ - INFO - 批量插入 14 个 Complexity 实体
2025-08-08 18:35:21,030 - __main__ - INFO - 批量插入 4 个 Language 实体
2025-08-08 18:35:21,048 - __main__ - INFO - 批量插入 53 个 Insight 实体
2025-08-08 18:35:21,063 - __main__ - INFO - 批量插入 3 个 Category 实体
2025-08-08 18:35:21,076 - __main__ - INFO - 批量插入 10 个 Pattern 实体
2025-08-08 18:35:21,508 - __main__ - INFO - 批量插入 272 个 USES_ALGORITHM 关系
2025-08-08 18:35:21,801 - __main__ - INFO - 批量插入 255 个 REQUIRES_DATA_STRUCTURE 关系
2025-08-08 18:35:22,157 - __main__ - INFO - 批量插入 374 个 APPLIES_TECHNIQUE 关系
2025-08-08 18:35:22,305 - __main__ - INFO - 批量插入 76 个 HAS_SOLUTION 关系
2025-08-08 18:35:22,332 - __main__ - INFO - 批量插入 17 个 HAS_TIME_COMPLEXITY 关系
2025-08-08 18:35:22,357 - __main__ - INFO - 批量插入 17 个 HAS_SPACE_COMPLEXITY 关系
2025-08-08 18:35:22,416 - __main__ - INFO - 批量插入 53 个 PROVIDES_INSIGHT 关系
2025-08-08 18:35:22,553 - __main__ - INFO - 批量插入 76 个 IMPLEMENTED_IN 关系
2025-08-08 18:35:22,598 - __main__ - INFO - 批量插入 17 个 BELONGS_TO_CATEGORY 关系
2025-08-08 18:35:22,745 - __main__ - INFO - 批量插入 136 个 SIMILAR_TO 关系
2025-08-08 18:35:22,767 - __main__ - INFO - 批量插入 6 个 PATTERN_USES_ALGORITHM 关系
2025-08-08 18:35:24,195 - __main__ - INFO - 批量插入 1378 个 CO_OCCURS_WITH 关系
2025-08-08 18:35:24,217 - __main__ - INFO - 处理批次 4/10
2025-08-08 18:35:24,232 - __main__ - INFO - 开始批量提取 20 个题目的实体...
2025-08-08 18:35:24,234 - __main__ - ERROR - 提取实体失败: /www/wwwroot/algokg_platform/data/raw/problem_extration/并查集/冗余连接II.json, 错误: argument of type 'NoneType' is not iterable
2025-08-08 18:35:24,235 - __main__ - ERROR - 提取实体失败: /www/wwwroot/algokg_platform/data/raw/problem_extration/字符串/右旋字符串.json, 错误: argument of type 'NoneType' is not iterable
2025-08-08 18:35:24,235 - __main__ - ERROR - 提取实体失败: /www/wwwroot/algokg_platform/data/raw/problem_extration/并查集/冗余连接.json, 错误: argument of type 'NoneType' is not iterable
2025-08-08 18:35:24,235 - __main__ - ERROR - 提取实体失败: /www/wwwroot/algokg_platform/data/raw/problem_extration/并查集/寻找存在的路径.json, 错误: argument of type 'NoneType' is not iterable
2025-08-08 18:35:24,235 - __main__ - ERROR - 提取实体失败: /www/wwwroot/algokg_platform/data/raw/problem_extration/二叉树/二叉树的所有路径.json, 错误: argument of type 'NoneType' is not iterable
2025-08-08 18:35:24,236 - __main__ - ERROR - 提取实体失败: /www/wwwroot/algokg_platform/data/raw/problem_extration/二叉树/找树左下角的值.json, 错误: argument of type 'NoneType' is not iterable
2025-08-08 18:35:24,236 - __main__ - ERROR - 提取实体失败: /www/wwwroot/algokg_platform/data/raw/problem_extration/二叉树/合并二叉树.json, 错误: argument of type 'NoneType' is not iterable
2025-08-08 18:35:24,236 - __main__ - ERROR - 提取实体失败: /www/wwwroot/algokg_platform/data/raw/problem_extration/二叉树/最大二叉树.json, 错误: argument of type 'NoneType' is not iterable
2025-08-08 18:35:24,236 - __main__ - ERROR - 提取实体失败: /www/wwwroot/algokg_platform/data/raw/problem_extration/二叉树/从中序与后序遍历序列构造二叉树.json, 错误: argument of type 'NoneType' is not iterable
2025-08-08 18:35:24,236 - __main__ - ERROR - 提取实体失败: /www/wwwroot/algokg_platform/data/raw/problem_extration/二叉树/二叉树的递归遍历.json, 错误: argument of type 'NoneType' is not iterable
2025-08-08 18:35:24,237 - __main__ - INFO - 批量实体提取完成，共提取 224 个实体
2025-08-08 18:35:24,237 - __main__ - INFO - 开始批量关系提取...
2025-08-08 18:35:24,248 - __main__ - INFO - 批量关系提取完成，共提取 1567 个关系
2025-08-08 18:35:24,249 - __main__ - INFO - 存储批次数据: 224 个实体, 1567 个关系
2025-08-08 18:35:24,325 - __main__ - INFO - 批量插入 10 个 Problem 实体
2025-08-08 18:35:24,386 - __main__ - INFO - 批量插入 7 个 Algorithm 实体
2025-08-08 18:35:24,396 - __main__ - INFO - 批量插入 6 个 DataStructure 实体
2025-08-08 18:35:24,462 - __main__ - INFO - 批量插入 18 个 Technique 实体
2025-08-08 18:35:24,486 - __main__ - INFO - 批量插入 67 个 Solution 实体
2025-08-08 18:35:24,499 - __main__ - INFO - 批量插入 6 个 Complexity 实体
2025-08-08 18:35:24,548 - __main__ - INFO - 批量插入 6 个 Language 实体
2025-08-08 18:35:24,594 - __main__ - INFO - 批量插入 27 个 Insight 实体
2025-08-08 18:35:24,643 - __main__ - INFO - 批量插入 4 个 Category 实体
2025-08-08 18:35:24,691 - __main__ - INFO - 批量插入 10 个 Pattern 实体
2025-08-08 18:35:24,818 - __main__ - INFO - 批量插入 70 个 USES_ALGORITHM 关系
2025-08-08 18:35:24,969 - __main__ - INFO - 批量插入 60 个 REQUIRES_DATA_STRUCTURE 关系
2025-08-08 18:35:25,176 - __main__ - INFO - 批量插入 180 个 APPLIES_TECHNIQUE 关系
2025-08-08 18:35:25,253 - __main__ - INFO - 批量插入 67 个 HAS_SOLUTION 关系
2025-08-08 18:35:25,329 - __main__ - INFO - 批量插入 10 个 HAS_TIME_COMPLEXITY 关系
2025-08-08 18:35:25,393 - __main__ - INFO - 批量插入 10 个 HAS_SPACE_COMPLEXITY 关系
2025-08-08 18:35:25,436 - __main__ - INFO - 批量插入 27 个 PROVIDES_INSIGHT 关系
2025-08-08 18:35:25,521 - __main__ - INFO - 批量插入 67 个 IMPLEMENTED_IN 关系
2025-08-08 18:35:25,586 - __main__ - INFO - 批量插入 10 个 BELONGS_TO_CATEGORY 关系
2025-08-08 18:35:25,691 - __main__ - INFO - 批量插入 45 个 SIMILAR_TO 关系
2025-08-08 18:35:25,703 - __main__ - INFO - 批量插入 2 个 PATTERN_USES_ALGORITHM 关系
2025-08-08 18:35:26,353 - __main__ - INFO - 批量插入 465 个 CO_OCCURS_WITH 关系
2025-08-08 18:35:26,364 - __main__ - INFO - 处理批次 5/10
2025-08-08 18:35:26,382 - __main__ - INFO - 开始批量提取 20 个题目的实体...
2025-08-08 18:35:26,382 - __main__ - ERROR - 提取实体失败: /www/wwwroot/algokg_platform/data/raw/problem_extration/二叉树/二叉树的最近公共祖先.json, 错误: argument of type 'NoneType' is not iterable
2025-08-08 18:35:26,382 - __main__ - ERROR - 提取实体失败: /www/wwwroot/algokg_platform/data/raw/problem_extration/二叉树/二叉树的最小深度.json, 错误: argument of type 'NoneType' is not iterable
2025-08-08 18:35:26,383 - __main__ - ERROR - 提取实体失败: /www/wwwroot/algokg_platform/data/raw/problem_extration/二叉树/路径总和.json, 错误: argument of type 'NoneType' is not iterable
2025-08-08 18:35:26,383 - __main__ - ERROR - 提取实体失败: /www/wwwroot/algokg_platform/data/raw/problem_extration/二叉树/验证二叉搜索树.json, 错误: argument of type 'NoneType' is not iterable
2025-08-08 18:35:26,383 - __main__ - ERROR - 提取实体失败: /www/wwwroot/algokg_platform/data/raw/problem_extration/二叉树/二叉搜索树的最小绝对差.json, 错误: argument of type 'NoneType' is not iterable
2025-08-08 18:35:26,383 - __main__ - ERROR - 提取实体失败: /www/wwwroot/algokg_platform/data/raw/problem_extration/二叉树/二叉树的统一迭代法.json, 错误: argument of type 'NoneType' is not iterable
2025-08-08 18:35:26,383 - __main__ - ERROR - 提取实体失败: /www/wwwroot/algokg_platform/data/raw/problem_extration/二叉树/翻转二叉树.json, 错误: argument of type 'NoneType' is not iterable
2025-08-08 18:35:26,384 - __main__ - ERROR - 提取实体失败: /www/wwwroot/algokg_platform/data/raw/problem_extration/二叉树/二叉树的最大深度.json, 错误: argument of type 'NoneType' is not iterable
2025-08-08 18:35:26,384 - __main__ - ERROR - 提取实体失败: /www/wwwroot/algokg_platform/data/raw/problem_extration/二叉树/将有序数组转换为二叉搜索树.json, 错误: argument of type 'NoneType' is not iterable
2025-08-08 18:35:26,384 - __main__ - ERROR - 提取实体失败: /www/wwwroot/algokg_platform/data/raw/problem_extration/二叉树/二叉搜索树中的插入操作.json, 错误: argument of type 'NoneType' is not iterable
2025-08-08 18:35:26,384 - __main__ - ERROR - 提取实体失败: /www/wwwroot/algokg_platform/data/raw/problem_extration/二叉树/二叉搜索树的最近公共祖先.json, 错误: argument of type 'NoneType' is not iterable
2025-08-08 18:35:26,385 - __main__ - ERROR - 提取实体失败: /www/wwwroot/algokg_platform/data/raw/problem_extration/二叉树/二叉树的迭代遍历.json, 错误: argument of type 'NoneType' is not iterable
2025-08-08 18:35:26,385 - __main__ - ERROR - 提取实体失败: /www/wwwroot/algokg_platform/data/raw/problem_extration/二叉树/把二叉搜索树转换为累加树.json, 错误: argument of type 'NoneType' is not iterable
2025-08-08 18:35:26,385 - __main__ - ERROR - 提取实体失败: /www/wwwroot/algokg_platform/data/raw/problem_extration/二叉树/修剪二叉搜索树.json, 错误: argument of type 'NoneType' is not iterable
2025-08-08 18:35:26,385 - __main__ - ERROR - 提取实体失败: /www/wwwroot/algokg_platform/data/raw/problem_extration/二叉树/左叶子之和.json, 错误: argument of type 'NoneType' is not iterable
2025-08-08 18:35:26,385 - __main__ - ERROR - 提取实体失败: /www/wwwroot/algokg_platform/data/raw/problem_extration/二叉树/对称二叉树.json, 错误: argument of type 'NoneType' is not iterable
2025-08-08 18:35:26,386 - __main__ - ERROR - 提取实体失败: /www/wwwroot/algokg_platform/data/raw/problem_extration/二叉树/二叉搜索树中的搜索.json, 错误: argument of type 'NoneType' is not iterable
2025-08-08 18:35:26,386 - __main__ - ERROR - 提取实体失败: /www/wwwroot/algokg_platform/data/raw/problem_extration/二叉树/删除二叉搜索树中的节点.json, 错误: argument of type 'NoneType' is not iterable
2025-08-08 18:35:26,386 - __main__ - INFO - 批量实体提取完成，共提取 47 个实体
2025-08-08 18:35:26,386 - __main__ - INFO - 开始批量关系提取...
2025-08-08 18:35:26,386 - __main__ - INFO - 批量关系提取完成，共提取 103 个关系
2025-08-08 18:35:26,387 - __main__ - INFO - 存储批次数据: 47 个实体, 103 个关系
2025-08-08 18:35:26,392 - __main__ - INFO - 批量插入 2 个 Problem 实体
2025-08-08 18:35:26,401 - __main__ - INFO - 批量插入 3 个 Algorithm 实体
2025-08-08 18:35:26,411 - __main__ - INFO - 批量插入 3 个 DataStructure 实体
2025-08-08 18:35:26,460 - __main__ - INFO - 批量插入 4 个 Technique 实体
2025-08-08 18:35:26,514 - __main__ - INFO - 批量插入 7 个 Solution 实体
2025-08-08 18:35:26,523 - __main__ - INFO - 批量插入 4 个 Complexity 实体
2025-08-08 18:35:26,532 - __main__ - INFO - 批量插入 3 个 Language 实体
2025-08-08 18:35:26,592 - __main__ - INFO - 批量插入 6 个 Insight 实体
2025-08-08 18:35:26,658 - __main__ - INFO - 批量插入 1 个 Category 实体
2025-08-08 18:35:26,667 - __main__ - INFO - 批量插入 10 个 Pattern 实体
2025-08-08 18:35:26,742 - __main__ - INFO - 批量插入 6 个 USES_ALGORITHM 关系
2025-08-08 18:35:26,804 - __main__ - INFO - 批量插入 6 个 REQUIRES_DATA_STRUCTURE 关系
2025-08-08 18:35:26,871 - __main__ - INFO - 批量插入 8 个 APPLIES_TECHNIQUE 关系
2025-08-08 18:35:26,936 - __main__ - INFO - 批量插入 7 个 HAS_SOLUTION 关系
2025-08-08 18:35:26,947 - __main__ - INFO - 批量插入 2 个 HAS_TIME_COMPLEXITY 关系
2025-08-08 18:35:26,958 - __main__ - INFO - 批量插入 2 个 HAS_SPACE_COMPLEXITY 关系
2025-08-08 18:35:27,018 - __main__ - INFO - 批量插入 6 个 PROVIDES_INSIGHT 关系
2025-08-08 18:35:27,077 - __main__ - INFO - 批量插入 7 个 IMPLEMENTED_IN 关系
2025-08-08 18:35:27,088 - __main__ - INFO - 批量插入 2 个 BELONGS_TO_CATEGORY 关系
2025-08-08 18:35:27,142 - __main__ - INFO - 批量插入 1 个 SIMILAR_TO 关系
2025-08-08 18:35:27,196 - __main__ - INFO - 批量插入 1 个 PATTERN_USES_ALGORITHM 关系
2025-08-08 18:35:27,296 - __main__ - INFO - 批量插入 45 个 CO_OCCURS_WITH 关系
2025-08-08 18:35:27,300 - __main__ - INFO - 处理批次 6/10
2025-08-08 18:35:27,310 - __main__ - INFO - 开始批量提取 20 个题目的实体...
2025-08-08 18:35:27,310 - __main__ - ERROR - 提取实体失败: /www/wwwroot/algokg_platform/data/raw/problem_extration/二叉树/在每个树行中找最大值.json, 错误: argument of type 'NoneType' is not iterable
2025-08-08 18:35:27,310 - __main__ - ERROR - 提取实体失败: /www/wwwroot/algokg_platform/data/raw/problem_extration/二叉树/二叉树的层序遍历/二叉树的层平均值.json, 错误: argument of type 'NoneType' is not iterable
2025-08-08 18:35:27,311 - __main__ - ERROR - 提取实体失败: /www/wwwroot/algokg_platform/data/raw/problem_extration/二叉树/二叉搜索树中的众数.json, 错误: argument of type 'NoneType' is not iterable
2025-08-08 18:35:27,311 - __main__ - ERROR - 提取实体失败: /www/wwwroot/algokg_platform/data/raw/problem_extration/二叉树/二叉树的层序遍历/填充每个节点的下一个右侧节点指针.json, 错误: argument of type 'NoneType' is not iterable
2025-08-08 18:35:27,311 - __main__ - ERROR - 提取实体失败: /www/wwwroot/algokg_platform/data/raw/problem_extration/二叉树/二叉树的层序遍历/二叉树的最小深度.json, 错误: argument of type 'NoneType' is not iterable
2025-08-08 18:35:27,311 - __main__ - ERROR - 提取实体失败: /www/wwwroot/algokg_platform/data/raw/problem_extration/二叉树/二叉树的层序遍历/二叉树层序遍历.json, 错误: argument of type 'NoneType' is not iterable
2025-08-08 18:35:27,311 - __main__ - ERROR - 提取实体失败: /www/wwwroot/algokg_platform/data/raw/problem_extration/二叉树/二叉树的层序遍历/二叉树的右视图.json, 错误: argument of type 'NoneType' is not iterable
2025-08-08 18:35:27,311 - __main__ - ERROR - 提取实体失败: /www/wwwroot/algokg_platform/data/raw/problem_extration/二叉树/二叉树的层序遍历/二叉树的最大深度.json, 错误: argument of type 'NoneType' is not iterable
2025-08-08 18:35:27,311 - __main__ - ERROR - 提取实体失败: /www/wwwroot/algokg_platform/data/raw/problem_extration/二叉树/二叉树的层序遍历/二叉树的层序遍历Ⅱ.json, 错误: argument of type 'NoneType' is not iterable
2025-08-08 18:35:27,312 - __main__ - ERROR - 提取实体失败: /www/wwwroot/algokg_platform/data/raw/problem_extration/二叉树/二叉树的层序遍历/N叉树的层序遍历.json, 错误: argument of type 'NoneType' is not iterable
2025-08-08 18:35:27,312 - __main__ - ERROR - 提取实体失败: /www/wwwroot/algokg_platform/data/raw/problem_extration/二叉树/二叉树的层序遍历/填充每个节点的下一个右侧节点指针II.json, 错误: argument of type 'NoneType' is not iterable
2025-08-08 18:35:27,312 - __main__ - ERROR - 提取实体失败: /www/wwwroot/algokg_platform/data/raw/problem_extration/二叉树/二叉树的层序遍历/在每个树行中找最大值.json, 错误: argument of type 'NoneType' is not iterable
2025-08-08 18:35:27,313 - __main__ - INFO - 批量实体提取完成，共提取 183 个实体
2025-08-08 18:35:27,314 - __main__ - INFO - 开始批量关系提取...
2025-08-08 18:35:27,319 - __main__ - INFO - 批量关系提取完成，共提取 1155 个关系
2025-08-08 18:35:27,320 - __main__ - INFO - 存储批次数据: 183 个实体, 1155 个关系
2025-08-08 18:35:27,326 - __main__ - INFO - 批量插入 8 个 Problem 实体
2025-08-08 18:35:27,335 - __main__ - INFO - 批量插入 9 个 Algorithm 实体
2025-08-08 18:35:27,359 - __main__ - INFO - 批量插入 4 个 DataStructure 实体
2025-08-08 18:35:27,367 - __main__ - INFO - 批量插入 14 个 Technique 实体
2025-08-08 18:35:27,382 - __main__ - INFO - 批量插入 56 个 Solution 实体
2025-08-08 18:35:27,393 - __main__ - INFO - 批量插入 6 个 Complexity 实体
2025-08-08 18:35:27,401 - __main__ - INFO - 批量插入 5 个 Language 实体
2025-08-08 18:35:27,411 - __main__ - INFO - 批量插入 24 个 Insight 实体
2025-08-08 18:35:27,420 - __main__ - INFO - 批量插入 3 个 Category 实体
2025-08-08 18:35:27,428 - __main__ - INFO - 批量插入 10 个 Pattern 实体
2025-08-08 18:35:27,520 - __main__ - INFO - 批量插入 72 个 USES_ALGORITHM 关系
2025-08-08 18:35:27,566 - __main__ - INFO - 批量插入 32 个 REQUIRES_DATA_STRUCTURE 关系
2025-08-08 18:35:27,761 - __main__ - INFO - 批量插入 112 个 APPLIES_TECHNIQUE 关系
2025-08-08 18:35:27,870 - __main__ - INFO - 批量插入 56 个 HAS_SOLUTION 关系
2025-08-08 18:35:27,889 - __main__ - INFO - 批量插入 8 个 HAS_TIME_COMPLEXITY 关系
2025-08-08 18:35:27,906 - __main__ - INFO - 批量插入 8 个 HAS_SPACE_COMPLEXITY 关系
2025-08-08 18:35:27,942 - __main__ - INFO - 批量插入 24 个 PROVIDES_INSIGHT 关系
2025-08-08 18:35:28,014 - __main__ - INFO - 批量插入 56 个 IMPLEMENTED_IN 关系
2025-08-08 18:35:28,033 - __main__ - INFO - 批量插入 8 个 BELONGS_TO_CATEGORY 关系
2025-08-08 18:35:28,074 - __main__ - INFO - 批量插入 28 个 SIMILAR_TO 关系
2025-08-08 18:35:28,087 - __main__ - INFO - 批量插入 4 个 PATTERN_USES_ALGORITHM 关系
2025-08-08 18:35:28,525 - __main__ - INFO - 批量插入 351 个 CO_OCCURS_WITH 关系
2025-08-08 18:35:28,533 - __main__ - INFO - 处理批次 7/10
2025-08-08 18:35:28,545 - __main__ - INFO - 开始批量提取 20 个题目的实体...
2025-08-08 18:35:28,547 - __main__ - ERROR - 提取实体失败: /www/wwwroot/algokg_platform/data/raw/problem_extration/动态规划/不同的二叉搜索树.json, 错误: argument of type 'NoneType' is not iterable
2025-08-08 18:35:28,549 - __main__ - INFO - 批量实体提取完成，共提取 396 个实体
2025-08-08 18:35:28,549 - __main__ - INFO - 开始批量关系提取...
2025-08-08 18:35:28,607 - __main__ - INFO - 批量关系提取完成，共提取 4971 个关系
2025-08-08 18:35:28,607 - __main__ - INFO - 存储批次数据: 396 个实体, 4971 个关系
2025-08-08 18:35:28,662 - __main__ - INFO - 批量插入 19 个 Problem 实体
2025-08-08 18:35:28,702 - __main__ - INFO - 批量插入 11 个 Algorithm 实体
2025-08-08 18:35:28,743 - __main__ - INFO - 批量插入 3 个 DataStructure 实体
2025-08-08 18:35:28,755 - __main__ - INFO - 批量插入 25 个 Technique 实体
2025-08-08 18:35:28,808 - __main__ - INFO - 批量插入 109 个 Solution 实体
2025-08-08 18:35:28,854 - __main__ - INFO - 批量插入 12 个 Complexity 实体
2025-08-08 18:35:28,861 - __main__ - INFO - 批量插入 3 个 Language 实体
2025-08-08 18:35:28,874 - __main__ - INFO - 批量插入 71 个 Insight 实体
2025-08-08 18:35:28,884 - __main__ - INFO - 批量插入 1 个 Category 实体
2025-08-08 18:35:28,892 - __main__ - INFO - 批量插入 10 个 Pattern 实体
2025-08-08 18:35:29,270 - __main__ - INFO - 批量插入 209 个 USES_ALGORITHM 关系
2025-08-08 18:35:29,361 - __main__ - INFO - 批量插入 57 个 REQUIRES_DATA_STRUCTURE 关系
2025-08-08 18:35:30,143 - __main__ - INFO - 批量插入 475 个 APPLIES_TECHNIQUE 关系
2025-08-08 18:35:30,463 - __main__ - INFO - 批量插入 109 个 HAS_SOLUTION 关系
2025-08-08 18:35:30,559 - __main__ - INFO - 批量插入 19 个 HAS_TIME_COMPLEXITY 关系
2025-08-08 18:35:30,659 - __main__ - INFO - 批量插入 19 个 HAS_SPACE_COMPLEXITY 关系
2025-08-08 18:35:30,819 - __main__ - INFO - 批量插入 71 个 PROVIDES_INSIGHT 关系
2025-08-08 18:35:31,021 - __main__ - INFO - 批量插入 109 个 IMPLEMENTED_IN 关系
2025-08-08 18:35:31,090 - __main__ - INFO - 批量插入 19 个 BELONGS_TO_CATEGORY 关系
2025-08-08 18:35:31,559 - __main__ - INFO - 批量插入 171 个 SIMILAR_TO 关系
2025-08-08 18:35:31,578 - __main__ - INFO - 批量插入 5 个 PATTERN_USES_ALGORITHM 关系
2025-08-08 18:35:32,717 - __main__ - INFO - 批量插入 741 个 CO_OCCURS_WITH 关系
2025-08-08 18:35:32,732 - __main__ - INFO - 处理批次 8/10
2025-08-08 18:35:32,745 - __main__ - INFO - 开始批量提取 20 个题目的实体...
2025-08-08 18:35:32,748 - __main__ - ERROR - 提取实体失败: /www/wwwroot/algokg_platform/data/raw/problem_extration/最小生成树/寻宝_kruskal.json, 错误: argument of type 'NoneType' is not iterable
2025-08-08 18:35:32,748 - __main__ - ERROR - 提取实体失败: /www/wwwroot/algokg_platform/data/raw/problem_extration/最小生成树/寻宝_prim.json, 错误: argument of type 'NoneType' is not iterable
2025-08-08 18:35:32,748 - __main__ - INFO - 批量实体提取完成，共提取 385 个实体
2025-08-08 18:35:32,749 - __main__ - INFO - 开始批量关系提取...
2025-08-08 18:35:32,804 - __main__ - INFO - 批量关系提取完成，共提取 4940 个关系
2025-08-08 18:35:32,805 - __main__ - INFO - 存储批次数据: 385 个实体, 4940 个关系
2025-08-08 18:35:32,814 - __main__ - INFO - 批量插入 18 个 Problem 实体
2025-08-08 18:35:32,824 - __main__ - INFO - 批量插入 13 个 Algorithm 实体
2025-08-08 18:35:32,832 - __main__ - INFO - 批量插入 10 个 DataStructure 实体
2025-08-08 18:35:32,843 - __main__ - INFO - 批量插入 29 个 Technique 实体
2025-08-08 18:35:32,862 - __main__ - INFO - 批量插入 112 个 Solution 实体
2025-08-08 18:35:32,875 - __main__ - INFO - 批量插入 21 个 Complexity 实体
2025-08-08 18:35:32,883 - __main__ - INFO - 批量插入 5 个 Language 实体
2025-08-08 18:35:32,896 - __main__ - INFO - 批量插入 60 个 Insight 实体
2025-08-08 18:35:32,905 - __main__ - INFO - 批量插入 3 个 Category 实体
2025-08-08 18:35:32,913 - __main__ - INFO - 批量插入 10 个 Pattern 实体
2025-08-08 18:35:33,330 - __main__ - INFO - 批量插入 234 个 USES_ALGORITHM 关系
2025-08-08 18:35:33,778 - __main__ - INFO - 批量插入 180 个 REQUIRES_DATA_STRUCTURE 关系
2025-08-08 18:35:34,692 - __main__ - INFO - 批量插入 522 个 APPLIES_TECHNIQUE 关系
2025-08-08 18:35:34,908 - __main__ - INFO - 批量插入 112 个 HAS_SOLUTION 关系
2025-08-08 18:35:34,950 - __main__ - INFO - 批量插入 18 个 HAS_TIME_COMPLEXITY 关系
2025-08-08 18:35:34,993 - __main__ - INFO - 批量插入 18 个 HAS_SPACE_COMPLEXITY 关系
2025-08-08 18:35:35,105 - __main__ - INFO - 批量插入 60 个 PROVIDES_INSIGHT 关系
2025-08-08 18:35:35,302 - __main__ - INFO - 批量插入 112 个 IMPLEMENTED_IN 关系
2025-08-08 18:35:35,342 - __main__ - INFO - 批量插入 18 个 BELONGS_TO_CATEGORY 关系
2025-08-08 18:35:35,641 - __main__ - INFO - 批量插入 153 个 SIMILAR_TO 关系
2025-08-08 18:35:35,658 - __main__ - INFO - 批量插入 5 个 PATTERN_USES_ALGORITHM 关系
2025-08-08 18:35:38,074 - __main__ - INFO - 批量插入 1326 个 CO_OCCURS_WITH 关系
2025-08-08 18:35:38,098 - __main__ - INFO - 处理批次 9/10
2025-08-08 18:35:38,117 - __main__ - INFO - 开始批量提取 20 个题目的实体...
2025-08-08 18:35:38,120 - __main__ - ERROR - 提取实体失败: /www/wwwroot/algokg_platform/data/raw/problem_extration/拓扑排序/软件构建.json, 错误: argument of type 'NoneType' is not iterable
2025-08-08 18:35:38,120 - __main__ - ERROR - 提取实体失败: /www/wwwroot/algokg_platform/data/raw/problem_extration/图论/沉没孤岛.json, 错误: argument of type 'NoneType' is not iterable
2025-08-08 18:35:38,120 - __main__ - ERROR - 提取实体失败: /www/wwwroot/algokg_platform/data/raw/problem_extration/图论/岛屿的最大面积.json, 错误: argument of type 'NoneType' is not iterable
2025-08-08 18:35:38,121 - __main__ - ERROR - 提取实体失败: /www/wwwroot/algokg_platform/data/raw/problem_extration/图论/所有可达路径.json, 错误: argument of type 'NoneType' is not iterable
2025-08-08 18:35:38,121 - __main__ - ERROR - 提取实体失败: /www/wwwroot/algokg_platform/data/raw/problem_extration/图论/有向图的完全联通.json, 错误: argument of type 'NoneType' is not iterable
2025-08-08 18:35:38,121 - __main__ - ERROR - 提取实体失败: /www/wwwroot/algokg_platform/data/raw/problem_extration/图论/建造最大岛屿.json, 错误: argument of type 'NoneType' is not iterable
2025-08-08 18:35:38,122 - __main__ - ERROR - 提取实体失败: /www/wwwroot/algokg_platform/data/raw/problem_extration/图论/孤岛的总面积.json, 错误: argument of type 'NoneType' is not iterable
2025-08-08 18:35:38,122 - __main__ - ERROR - 提取实体失败: /www/wwwroot/algokg_platform/data/raw/problem_extration/图论/岛屿数量.json, 错误: argument of type 'NoneType' is not iterable
2025-08-08 18:35:38,122 - __main__ - ERROR - 提取实体失败: /www/wwwroot/algokg_platform/data/raw/problem_extration/图论/水流问题.json, 错误: argument of type 'NoneType' is not iterable
2025-08-08 18:35:38,122 - __main__ - ERROR - 提取实体失败: /www/wwwroot/algokg_platform/data/raw/problem_extration/图论/字符串接龙.json, 错误: argument of type 'NoneType' is not iterable
2025-08-08 18:35:38,123 - __main__ - ERROR - 提取实体失败: /www/wwwroot/algokg_platform/data/raw/problem_extration/图论/岛屿的周长.json, 错误: argument of type 'NoneType' is not iterable
2025-08-08 18:35:38,123 - __main__ - ERROR - 提取实体失败: /www/wwwroot/algokg_platform/data/raw/problem_extration/单调栈/接雨水.json, 错误: argument of type 'NoneType' is not iterable
2025-08-08 18:35:38,123 - __main__ - ERROR - 提取实体失败: /www/wwwroot/algokg_platform/data/raw/problem_extration/单调栈/柱状图中最大的矩形.json, 错误: argument of type 'NoneType' is not iterable
2025-08-08 18:35:38,123 - __main__ - INFO - 批量实体提取完成，共提取 154 个实体
2025-08-08 18:35:38,123 - __main__ - INFO - 开始批量关系提取...
2025-08-08 18:35:38,127 - __main__ - INFO - 批量关系提取完成，共提取 686 个关系
2025-08-08 18:35:38,128 - __main__ - INFO - 存储批次数据: 154 个实体, 686 个关系
2025-08-08 18:35:38,134 - __main__ - INFO - 批量插入 7 个 Problem 实体
2025-08-08 18:35:38,144 - __main__ - INFO - 批量插入 4 个 Algorithm 实体
2025-08-08 18:35:38,153 - __main__ - INFO - 批量插入 4 个 DataStructure 实体
2025-08-08 18:35:38,163 - __main__ - INFO - 批量插入 11 个 Technique 实体
2025-08-08 18:35:38,211 - __main__ - INFO - 批量插入 42 个 Solution 实体
2025-08-08 18:35:38,270 - __main__ - INFO - 批量插入 6 个 Complexity 实体
2025-08-08 18:35:38,281 - __main__ - INFO - 批量插入 5 个 Language 实体
2025-08-08 18:35:38,293 - __main__ - INFO - 批量插入 18 个 Insight 实体
2025-08-08 18:35:38,341 - __main__ - INFO - 批量插入 4 个 Category 实体
2025-08-08 18:35:38,382 - __main__ - INFO - 批量插入 10 个 Pattern 实体
2025-08-08 18:35:38,442 - __main__ - INFO - 批量插入 28 个 USES_ALGORITHM 关系
2025-08-08 18:35:38,502 - __main__ - INFO - 批量插入 28 个 REQUIRES_DATA_STRUCTURE 关系
2025-08-08 18:35:38,697 - __main__ - INFO - 批量插入 77 个 APPLIES_TECHNIQUE 关系
2025-08-08 18:35:38,784 - __main__ - INFO - 批量插入 42 个 HAS_SOLUTION 关系
2025-08-08 18:35:38,806 - __main__ - INFO - 批量插入 7 个 HAS_TIME_COMPLEXITY 关系
2025-08-08 18:35:38,837 - __main__ - INFO - 批量插入 7 个 HAS_SPACE_COMPLEXITY 关系
2025-08-08 18:35:38,947 - __main__ - INFO - 批量插入 18 个 PROVIDES_INSIGHT 关系
2025-08-08 18:35:39,082 - __main__ - INFO - 批量插入 42 个 IMPLEMENTED_IN 关系
2025-08-08 18:35:39,110 - __main__ - INFO - 批量插入 7 个 BELONGS_TO_CATEGORY 关系
2025-08-08 18:35:39,157 - __main__ - INFO - 批量插入 21 个 SIMILAR_TO 关系
2025-08-08 18:35:39,198 - __main__ - INFO - 批量插入 2 个 PATTERN_USES_ALGORITHM 关系
2025-08-08 18:35:39,550 - __main__ - INFO - 批量插入 171 个 CO_OCCURS_WITH 关系
2025-08-08 18:35:39,555 - __main__ - INFO - 处理批次 10/10
2025-08-08 18:35:39,559 - __main__ - INFO - 开始批量提取 3 个题目的实体...
2025-08-08 18:35:39,559 - __main__ - ERROR - 提取实体失败: /www/wwwroot/algokg_platform/data/raw/problem_extration/单调栈/下一个更大元素II.json, 错误: argument of type 'NoneType' is not iterable
2025-08-08 18:35:39,559 - __main__ - ERROR - 提取实体失败: /www/wwwroot/algokg_platform/data/raw/problem_extration/单调栈/下一个更大元素 I.json, 错误: argument of type 'NoneType' is not iterable
2025-08-08 18:35:39,560 - __main__ - INFO - 批量实体提取完成，共提取 32 个实体
2025-08-08 18:35:39,560 - __main__ - INFO - 开始批量关系提取...
2025-08-08 18:35:39,560 - __main__ - INFO - 批量关系提取完成，共提取 24 个关系
2025-08-08 18:35:39,560 - __main__ - INFO - 存储批次数据: 32 个实体, 24 个关系
2025-08-08 18:35:39,621 - __main__ - INFO - 批量插入 1 个 Problem 实体
2025-08-08 18:35:39,630 - __main__ - INFO - 批量插入 2 个 Algorithm 实体
2025-08-08 18:35:39,676 - __main__ - INFO - 批量插入 1 个 DataStructure 实体
2025-08-08 18:35:39,735 - __main__ - INFO - 批量插入 1 个 Technique 实体
2025-08-08 18:35:39,744 - __main__ - INFO - 批量插入 7 个 Solution 实体
2025-08-08 18:35:39,753 - __main__ - INFO - 批量插入 2 个 Complexity 实体
2025-08-08 18:35:39,760 - __main__ - INFO - 批量插入 4 个 Language 实体
2025-08-08 18:35:39,767 - __main__ - INFO - 批量插入 3 个 Insight 实体
2025-08-08 18:35:39,802 - __main__ - INFO - 批量插入 1 个 Category 实体
2025-08-08 18:35:39,811 - __main__ - INFO - 批量插入 10 个 Pattern 实体
2025-08-08 18:35:39,825 - __main__ - INFO - 批量插入 2 个 USES_ALGORITHM 关系
2025-08-08 18:35:39,891 - __main__ - INFO - 批量插入 1 个 REQUIRES_DATA_STRUCTURE 关系
2025-08-08 18:35:39,948 - __main__ - INFO - 批量插入 1 个 APPLIES_TECHNIQUE 关系
2025-08-08 18:35:39,979 - __main__ - INFO - 批量插入 7 个 HAS_SOLUTION 关系
2025-08-08 18:35:40,043 - __main__ - INFO - 批量插入 1 个 HAS_TIME_COMPLEXITY 关系
2025-08-08 18:35:40,106 - __main__ - INFO - 批量插入 1 个 HAS_SPACE_COMPLEXITY 关系
2025-08-08 18:35:40,123 - __main__ - INFO - 批量插入 3 个 PROVIDES_INSIGHT 关系
2025-08-08 18:35:40,152 - __main__ - INFO - 批量插入 7 个 IMPLEMENTED_IN 关系
2025-08-08 18:35:40,200 - __main__ - INFO - 批量插入 1 个 BELONGS_TO_CATEGORY 关系
2025-08-08 18:35:40,204 - __main__ - INFO - 知识图谱构建完成
